
Showing logs for build [32mmeta-jstrachan-godemo48-master-mjnfd-3[0m stage [32mmeta-pipeline[0m and container [32mstep-credential-initializer-2rc9k[0m
{"level":"info","ts":1591382526.9360855,"logger":"fallback-logger","caller":"logging/config.go:69","msg":"Fetch GitHub commit ID from kodata failed: open /var/run/ko/refs/heads/0.8.0-ns-support: no such file or directory"}
{"level":"info","ts":1591382526.9366345,"logger":"fallback-logger","caller":"creds-init/main.go:40","msg":"Credentials initialized."}

Showing logs for build [32mmeta-jstrachan-godemo48-master-mjnfd-3[0m stage [32mmeta-pipeline[0m and container [32mstep-working-dir-initializer-jmjbf[0m
{"level":"info","ts":1591382527.8838923,"logger":"fallback-logger","caller":"logging/config.go:69","msg":"Fetch GitHub commit ID from kodata failed: open /var/run/ko/HEAD: no such file or directory"}
{"level":"info","ts":1591382527.8850923,"logger":"fallback-logger","caller":"bash/main.go:64","msg":"Successfully executed command \"sh -c mkdir -p /workspace/source\"; output "}

Showing logs for build [32mmeta-jstrachan-godemo48-master-mjnfd-3[0m stage [32mmeta-pipeline[0m and container [32mstep-place-tools[0m

Showing logs for build [32mmeta-jstrachan-godemo48-master-mjnfd-3[0m stage [32mmeta-pipeline[0m and container [32mstep-git-source-meta-jstrachan-godemo48-master-mjnfd-5kf47[0m
{"level":"info","ts":1591382534.0029333,"logger":"fallback-logger","caller":"logging/config.go:69","msg":"Fetch GitHub commit ID from kodata failed: open /var/run/ko/refs/heads/0.8.0-ns-support: no such file or directory"}
{"level":"info","ts":1591382535.0700064,"logger":"fallback-logger","caller":"git/git.go:103","msg":"Successfully cloned https://github.com/jstrachan/godemo48.git @ ecb4ee5b58ab36deb61cc2de3a9f44c2d16c092c in path /workspace/source"}

Showing logs for build [32mmeta-jstrachan-godemo48-master-mjnfd-3[0m stage [32mmeta-pipeline[0m and container [32mstep-git-merge[0m
Using SHAs from PULL_REFS=master:ecb4ee5b58ab36deb61cc2de3a9f44c2d16c092c
WARNING: no SHAs to merge, falling back to initial cloned commit

Showing logs for build [32mmeta-jstrachan-godemo48-master-mjnfd-3[0m stage [32mmeta-pipeline[0m and container [32mstep-merge-pull-refs[0m
SKIP merge-pull-refs: Nothing to merge

Showing logs for build [32mmeta-jstrachan-godemo48-master-mjnfd-3[0m stage [32mmeta-pipeline[0m and container [32mstep-create-effective-pipeline[0m
Effective pipeline written to jenkins-x-release-effective.yml

Showing logs for build [32mmeta-jstrachan-godemo48-master-mjnfd-3[0m stage [32mmeta-pipeline[0m and container [32mstep-create-tekton-crds[0m
running command: ** step next-version --use-git-tag-only
created new version: 0.0.3 and written to file: ./VERSION

running command: ** step tag --version \$(cat VERSION)
Updating chart version in charts/godemo48/Chart.yaml to 0.0.3
Updating repository in charts/godemo48/values.yaml to gcr.io/jstrachan-multicluster/godemo48
Updating tag in charts/godemo48/values.yaml to 0.0.3
Tag v0.0.3 created and pushed to remote origin

running command: ** step next-version --use-git-tag-only --tag
created new version: 0.0.4 and written to file: ./VERSION
Updating chart version in charts/godemo48/Chart.yaml to 0.0.4
Updating repository in charts/godemo48/values.yaml to gcr.io/jstrachan-multicluster/godemo48
Updating tag in charts/godemo48/values.yaml to 0.0.4
Tag v0.0.4 created and pushed to remote origin

running command: ** step tag --version \$(cat VERSION) --no-apply
Updating repository in charts/godemo48/values.yaml to gcr.io/jstrachan-multicluster/godemo48
Updating tag in charts/godemo48/values.yaml to 0.0.4
NoApply: no push tag to git server

running command: **l step helm template
about to run /home/.**/plugins/bin/helm-3.2.1 template --output-dir /tmp/945638456 --values charts/template-values.yaml godemo48 charts/godemo48
wrote /tmp/945638456/godemo48/templates/service.yaml
wrote /tmp/945638456/godemo48/templates/deployment.yaml
wrote /tmp/945638456/godemo48/templates/ingress.yaml


running command: ** step tag --version \$(cat VERSION)
Updating repository in charts/godemo48/values.yaml to gcr.io/jstrachan-multicluster/godemo48
Updating tag in charts/godemo48/values.yaml to 0.0.4
error: Have you set up a git credential helper? See https://help.github.com/articles/caching-your-github-password-in-git/
: git output: To https://github.com/jstrachan/godemo48.git
 ! [rejected]        v0.0.4 -> v0.0.4 (already exists)
error: failed to push some refs to 'https://github.com/jstrachan/godemo48.git'
hint: Updates were rejected because the tag already exists in the remote.: failed to run 'git push origin v0.0.4' command in directory '', output: 'To https://github.com/jstrachan/godemo48.git
 ! [rejected]        v0.0.4 -> v0.0.4 (already exists)
error: failed to push some refs to 'https://github.com/jstrachan/godemo48.git'
hint: Updates were rejected because the tag already exists in the remote.'
error: failed to set the version on release pipelines: failed to run '/bin/sh -c ** step tag --version $(cat VERSION)' command in directory '/workspace/source', output: ''
[31m
Pipeline failed on stage 'meta-pipeline' : container 'step-create-tekton-crds'. The execution of the pipeline has stopped.[0m
