
Showing logs for build [32mjstrachan-godemo48-master-z8kqs-5[0m stage [32mfrom-build-pack[0m and container [32mstep-credential-initializer-n7swf[0m
{"level":"info","ts":1591382999.2092214,"logger":"fallback-logger","caller":"logging/config.go:69","msg":"Fetch GitHub commit ID from kodata failed: open /var/run/ko/refs/heads/0.8.0-ns-support: no such file or directory"}
{"level":"info","ts":1591382999.209696,"logger":"fallback-logger","caller":"creds-init/main.go:40","msg":"Credentials initialized."}

Showing logs for build [32mjstrachan-godemo48-master-z8kqs-5[0m stage [32mfrom-build-pack[0m and container [32mstep-working-dir-initializer-rtmbx[0m
{"level":"info","ts":1591383000.1367965,"logger":"fallback-logger","caller":"logging/config.go:69","msg":"Fetch GitHub commit ID from kodata failed: open /var/run/ko/HEAD: no such file or directory"}
{"level":"info","ts":1591383000.1483986,"logger":"fallback-logger","caller":"bash/main.go:64","msg":"Successfully executed command \"sh -c mkdir -p /workspace/source\"; output "}

Showing logs for build [32mjstrachan-godemo48-master-z8kqs-5[0m stage [32mfrom-build-pack[0m and container [32mstep-place-tools[0m

Showing logs for build [32mjstrachan-godemo48-master-z8kqs-5[0m stage [32mfrom-build-pack[0m and container [32mstep-git-source-jstrachan-godemo48-master-z8kqs-wwtwt[0m
{"level":"info","ts":1591383106.4661415,"logger":"fallback-logger","caller":"logging/config.go:69","msg":"Fetch GitHub commit ID from kodata failed: open /var/run/ko/refs/heads/0.8.0-ns-support: no such file or directory"}
{"level":"info","ts":1591383107.8149645,"logger":"fallback-logger","caller":"git/git.go:103","msg":"Successfully cloned https://github.com/jstrachan/godemo48.git @ v0.0.8 in path /workspace/source"}

Showing logs for build [32mjstrachan-godemo48-master-z8kqs-5[0m stage [32mfrom-build-pack[0m and container [32mstep-git-merge[0m
Using SHAs from PULL_REFS=master:
WARNING: no SHAs to merge, falling back to initial cloned commit

Showing logs for build [32mjstrachan-godemo48-master-z8kqs-5[0m stage [32mfrom-build-pack[0m and container [32mstep-setup-jx-git-credentials[0m
Generated Git credentials file /workspace/xdg_config/git/credentials

Showing logs for build [32mjstrachan-godemo48-master-z8kqs-5[0m stage [32mfrom-build-pack[0m and container [32mstep-build-make-build[0m
CGO_ENABLED=0 GO15VENDOREXPERIMENT=1 go build -ldflags '' -o bin/godemo48 main.go

Showing logs for build [32mjstrachan-godemo48-master-z8kqs-5[0m stage [32mfrom-build-pack[0m and container [32mstep-build-container-build[0m
ERROR: logging before flag.Parse: E0605 18:51:59.730504      10 metadata.go:241] Failed to unmarshal scopes: json: cannot unmarshal string into Go value of type []string
[36mINFO[0m[0000] Resolved base name scratch to scratch        
[36mINFO[0m[0000] Using dockerignore file: /workspace/source/.dockerignore 
[36mINFO[0m[0000] Resolved base name scratch to scratch        
[36mINFO[0m[0000] Built cross stage deps: map[]                
[36mINFO[0m[0000] No base image, nothing to extract            
[36mINFO[0m[0000] cmd: EXPOSE                                  
[36mINFO[0m[0000] Adding exposed port: 8080/tcp                
[36mINFO[0m[0000] Checking for cached layer gcr.io/jstrachan-multicluster/cache:c1c0f14cce41ec3fdac94be77a534acb80c1357475f87728354e4c3aefe80fd4... 
[36mINFO[0m[0000] No cached layer found for cmd COPY ./bin/ /  
[36mINFO[0m[0000] Unpacking rootfs as cmd COPY ./bin/ / requires it. 
[36mINFO[0m[0000] Taking snapshot of full filesystem...        
[36mINFO[0m[0000] Resolving paths                              
[36mINFO[0m[0000] EXPOSE 8080                                  
[36mINFO[0m[0000] cmd: EXPOSE                                  
[36mINFO[0m[0000] Adding exposed port: 8080/tcp                
[36mINFO[0m[0000] No files changed in this command, skipping snapshotting. 
[36mINFO[0m[0000] ENTRYPOINT ["/godemo48"]                     
[36mINFO[0m[0000] No files changed in this command, skipping snapshotting. 
[36mINFO[0m[0001] COPY ./bin/ /                                
[36mINFO[0m[0001] Resolving paths                              
[36mINFO[0m[0001] Taking snapshot of files...                  
[36mINFO[0m[0001] Pushing layer gcr.io/jstrachan-multicluster/cache:c1c0f14cce41ec3fdac94be77a534acb80c1357475f87728354e4c3aefe80fd4 to cache now 

Showing logs for build [32mjstrachan-godemo48-master-z8kqs-5[0m stage [32mfrom-build-pack[0m and container [32mstep-promote-changelog[0m
Converted /workspace/source/charts/godemo48 to an unshallow repository
Generating change log from git ref 3cd24d5bca2d59636859e6f988a7e6f29d18a9df => e449ffcb72188acd0869b60c4af70185edc3b0e1
Associating user x-0 in users.jenkins.io with email jenkins-x@googlegroups.com to git GitProvider user with login -0 as emails match
Adding label jenkins.io/git-github-userid=-0 to user x-0 in users.jenkins.io
WARNING: Failed to enrich commit 5955e4b9247e3dd6a986867f1820041175c0df7a with issues: User.jenkins.io "x-0" is in*****: metadata.labels: In***** value: "-0": a ***** label must be an empty string or consist of alphanumeric characters, '-', '_' or '.', and must start and end with an alphanumeric character (e.g. 'MyValue',  or 'my_value',  or '12345', regex used for *****ation is '(([A-Za-z0-9][-A-Za-z0-9_.]*)?[A-Za-z0-9])?')
Associating user x-0 in users.jenkins.io with email jenkins-x@googlegroups.com to git GitProvider user with login -0 as emails match
Adding label jenkins.io/git-github-userid=-0 to user x-0 in users.jenkins.io
WARNING: Failed to enrich commit 5955e4b9247e3dd6a986867f1820041175c0df7a with issues: User.jenkins.io "x-0" is in*****: metadata.labels: In***** value: "-0": a ***** label must be an empty string or consist of alphanumeric characters, '-', '_' or '.', and must start and end with an alphanumeric character (e.g. 'MyValue',  or 'my_value',  or '12345', regex used for *****ation is '(([A-Za-z0-9][-A-Za-z0-9_.]*)?[A-Za-z0-9])?')
Finding issues in commit messages using git format
Associating user x-0 in users.jenkins.io with email jenkins-x@googlegroups.com to git GitProvider user with login -0 as emails match
Adding label jenkins.io/git-github-userid=-0 to user x-0 in users.jenkins.io
WARNING: Failed to enrich commit 2c795264e187b893e8b0011f0199f6479c170e15 with issues: User.jenkins.io "x-0" is in*****: metadata.labels: In***** value: "-0": a ***** label must be an empty string or consist of alphanumeric characters, '-', '_' or '.', and must start and end with an alphanumeric character (e.g. 'MyValue',  or 'my_value',  or '12345', regex used for *****ation is '(([A-Za-z0-9][-A-Za-z0-9_.]*)?[A-Za-z0-9])?')
Associating user x-0 in users.jenkins.io with email jenkins-x@googlegroups.com to git GitProvider user with login -0 as emails match
Adding label jenkins.io/git-github-userid=-0 to user x-0 in users.jenkins.io
WARNING: Failed to enrich commit 2c795264e187b893e8b0011f0199f6479c170e15 with issues: User.jenkins.io "x-0" is in*****: metadata.labels: In***** value: "-0": a ***** label must be an empty string or consist of alphanumeric characters, '-', '_' or '.', and must start and end with an alphanumeric character (e.g. 'MyValue',  or 'my_value',  or '12345', regex used for *****ation is '(([A-Za-z0-9][-A-Za-z0-9_.]*)?[A-Za-z0-9])?')
WARNING: No release found for jstrachan/godemo48 and tag v0.0.8 so creating a new release
Updated the release information at https://github.com/jstrachan/godemo48/releases/tag/v0.0.8
generated: /workspace/source/charts/godemo48/templates/release.yaml
Created Release godemo48-0-0-8 resource in namespace **
Updating PipelineActivity jstrachan-godemo48-master-5 with version 0.0.8
Updated PipelineActivities jstrachan-godemo48-master-5 with release notes URL: https://github.com/jstrachan/godemo48/releases/tag/v0.0.8

Showing logs for build [32mjstrachan-godemo48-master-z8kqs-5[0m stage [32mfrom-build-pack[0m and container [32mstep-promote-helm-release[0m
Adding missing Helm repo: storage.googleapis.com https://storage.googleapis.com/chartmuseum.jenkins-x.io
Successfully added Helm repository storage.googleapis.com.
Adding missing Helm repo: bucketrepo http://bucketrepo/bucketrepo/charts/
Successfully added Helm repository bucketrepo.
Uploading chart file godemo48-0.0.8.tgz to http://bucketrepo/bucketrepo/charts/api/charts
Received 200 response: 

Showing logs for build [32mjstrachan-godemo48-master-z8kqs-5[0m stage [32mfrom-build-pack[0m and container [32mstep-promote-jx-promote[0m
WARNING: prow based install so skip waiting for the merge of Pull Requests to go green as currently there is an issue with gettingstatuses from the PR, see https://github.com/jenkins-x/**/issues/2410
WARNING: No $CHART_REPOSITORY defined so using the default value of: http://jenkins-x-chartmuseum:8080
Promoting app godemo48 version 0.0.8 to namespace staging
WARNING: could not find upstream git URL failed to unmarshal  due to no GitConfDir defined
running command: kpt pkg get https://github.com/jstrachan/godemo48.git/charts/godemo48/resources@v0.0.8 godemo48
updating resources in dir /tmp/create-pr686300722/namespaces/apps/godemo48 to namespace myapps
pushed merged branch promote-godemo48-0.0.8
Created Pull Request: https://github.com/jstrachan/env-configsync-bootv3-scratch2/pull/38
Added label updatebot to Pull Request https://github.com/jstrachan/env-configsync-bootv3-scratch2/pull/38
WARNING: Failed to query the Pull Request last commit status for https://github.com/jstrachan/env-configsync-bootv3-scratch2/pull/38 ref 04ee3cbf66b45c51e5c3d5b07590177ab7413693 Could not find a status for repository jstrachan/env-configsync-bootv3-scratch2 with ref 04ee3cbf66b45c51e5c3d5b07590177ab7413693
Pull Request https://github.com/jstrachan/env-configsync-bootv3-scratch2/pull/38 is merged at sha ae58542b3130a9222f7ab3ebb5d62bc9e499edad
Pull Request merged but we are not waiting for the update pipeline to complete!
WARNING: Could not find the service URL in namespace staging for names godemo48, **-godemo48, staging-godemo48
